Debug log started at 2025-09-15 22:30:35
PDF count: 2
Discussion count: 5
Unread messages: 0
Active users: 6
Total users: 6
Recent activities rows: 7
Recent users rows: 5
Uploads by day rows: 2
Upload dates: ["Sep 13","Sep 15"]
Upload counts: [1,1]
Users by day rows: 3
Registration dates: ["Sep 13","Sep 14","Sep 15"]
Registration counts: [1,3,2]
Testimonials rows: 0
System status: {"total_storage":"2.5 GB","used_storage":"1.2 GB","active_sessions":8,"server_load":"72%"}
Notes count: 1
Questions count: 1
Blog count: 8
Testimonials count: 1
Subscribers count: 0
Debug log started at 2025-09-15 23:07:51
PDF count: 2
Discussion count: 5
Unread messages: 0
Active users: 6
Total users: 6
Recent activities rows: 7
Recent users rows: 5
Uploads by day rows: 2
Upload dates: ["Sep 13","Sep 15"]
Upload counts: [1,1]
Users by day rows: 3
Registration dates: ["Sep 13","Sep 14","Sep 15"]
Registration counts: [1,3,2]
Testimonials rows: 0
System status: {"total_storage":"2.5 GB","used_storage":"1.2 GB","active_sessions":8,"server_load":"66%"}
Notes count: 1
Questions count: 1
Blog count: 8
Testimonials count: 1
Subscribers count: 0
Debug log started at 2025-09-15 23:07:53
PDF count: 2
Discussion count: 5
Unread messages: 0
Active users: 6
Total users: 6
Recent activities rows: 7
Recent users rows: 5
Uploads by day rows: 2
Upload dates: ["Sep 13","Sep 15"]
Upload counts: [1,1]
Users by day rows: 3
Registration dates: ["Sep 13","Sep 14","Sep 15"]
Registration counts: [1,3,2]
Testimonials rows: 0
System status: {"total_storage":"2.5 GB","used_storage":"1.2 GB","active_sessions":20,"server_load":"19%"}
Notes count: 1
Questions count: 1
Blog count: 8
Testimonials count: 1
Subscribers count: 0
Debug log started at 2025-09-15 23:07:53
PDF count: 2
Discussion count: 5
Unread messages: 0
Active users: 6
Total users: 6
Recent activities rows: 7
Recent users rows: 5
Uploads by day rows: 2
Upload dates: ["Sep 13","Sep 15"]
Upload counts: [1,1]
Users by day rows: 3
Registration dates: ["Sep 13","Sep 14","Sep 15"]
Registration counts: [1,3,2]
Testimonials rows: 0
System status: {"total_storage":"2.5 GB","used_storage":"1.2 GB","active_sessions":16,"server_load":"42%"}
Notes count: 1
Questions count: 1
Blog count: 8
Testimonials count: 1
Subscribers count: 0
Debug log started at 2025-09-15 23:10:52
PDF count: 2
Discussion count: 5
Unread messages: 0
Active users: 6
Total users: 6
Recent activities rows: 7
Recent users rows: 5
Uploads by day rows: 2
Upload dates: ["Sep 13","Sep 15"]
Upload counts: [1,1]
Users by day rows: 3
Registration dates: ["Sep 13","Sep 14","Sep 15"]
Registration counts: [1,3,2]
Testimonials rows: 0
System status: {"total_storage":"2.5 GB","used_storage":"1.2 GB","active_sessions":7,"server_load":"67%"}
Notes count: 1
Questions count: 1
Blog count: 8
Testimonials count: 1
Subscribers count: 0
Debug log started at 2025-09-15 23:11:18
PDF count: 2
Discussion count: 5
Unread messages: 0
Active users: 6
Total users: 6
Recent activities rows: 7
Recent users rows: 5
Uploads by day rows: 2
Upload dates: ["Sep 13","Sep 15"]
Upload counts: [1,1]
Users by day rows: 3
Registration dates: ["Sep 13","Sep 14","Sep 15"]
Registration counts: [1,3,2]
Testimonials rows: 0
System status: {"total_storage":"2.5 GB","used_storage":"1.2 GB","active_sessions":14,"server_load":"28%"}
Notes count: 1
Questions count: 1
Blog count: 8
Testimonials count: 1
Subscribers count: 0
Debug log started at 2025-09-15 23:15:11
PDF count: 2
Discussion count: 5
Unread messages: 0
Active users: 6
Total users: 6
Recent activities rows: 7
Recent users rows: 5
Uploads by day rows: 2
Upload dates: ["Sep 13","Sep 15"]
Upload counts: [1,1]
Users by day rows: 3
Registration dates: ["Sep 13","Sep 14","Sep 15"]
Registration counts: [1,3,2]
Testimonials rows: 0
System status: {"total_storage":"2.5 GB","used_storage":"1.2 GB","active_sessions":13,"server_load":"35%"}
Notes count: 1
Questions count: 1
Blog count: 8
Testimonials count: 1
Subscribers count: 0
Debug log started at 2025-09-16 21:44:08
PDF count: 0
Discussion count: 0
Unread messages: 0
Active users: 1
Total users: 1
Recent activities rows: 0
Recent users rows: 1
Uploads by day rows: 0
Upload dates: []
Upload counts: []
Using fallback data for uploads chart
Users by day rows: 1
Registration dates: ["Sep 16"]
Registration counts: [1]
Testimonials rows: 0
System status: {"total_storage":"2.5 GB","used_storage":"1.2 GB","active_sessions":8,"server_load":"37%"}
Notes count: 0
Questions count: 0
Blog count: 0
Testimonials count: 0
Subscribers count: 0
Debug log started at 2025-09-16 21:53:38
PDF count: 0
Discussion count: 0
Unread messages: 1
Active users: 1
Total users: 1
Recent activities rows: 1
Recent users rows: 1
Uploads by day rows: 0
Upload dates: []
Upload counts: []
Using fallback data for uploads chart
Users by day rows: 1
Registration dates: ["Sep 16"]
Registration counts: [1]
Testimonials rows: 0
System status: {"total_storage":"2.5 GB","used_storage":"1.2 GB","active_sessions":18,"server_load":"20%"}
Notes count: 1
Questions count: 1
Blog count: 0
Testimonials count: 0
Subscribers count: 1
Debug log started at 2025-09-16 21:56:56
PDF count: 0
Discussion count: 0
Unread messages: 1
Active users: 1
Total users: 1
Recent activities rows: 1
Recent users rows: 1
Uploads by day rows: 0
Upload dates: []
Upload counts: []
Using fallback data for uploads chart
Users by day rows: 1
Registration dates: ["Sep 16"]
Registration counts: [1]
Testimonials rows: 1
System status: {"total_storage":"2.5 GB","used_storage":"1.2 GB","active_sessions":16,"server_load":"78%"}
Notes count: 1
Questions count: 1
Blog count: 0
Testimonials count: 1
Subscribers count: 1
Debug log started at 2025-09-16 21:56:59
PDF count: 0
Discussion count: 0
Unread messages: 1
Active users: 1
Total users: 1
Recent activities rows: 1
Recent users rows: 1
Uploads by day rows: 0
Upload dates: []
Upload counts: []
Using fallback data for uploads chart
Users by day rows: 1
Registration dates: ["Sep 16"]
Registration counts: [1]
Testimonials rows: 1
System status: {"total_storage":"2.5 GB","used_storage":"1.2 GB","active_sessions":14,"server_load":"15%"}
Notes count: 1
Questions count: 1
Blog count: 0
Testimonials count: 1
Subscribers count: 1
Debug log started at 2025-09-16 21:59:15
PDF count: 1
Discussion count: 1
Unread messages: 1
Active users: 1
Total users: 1
Recent activities rows: 3
Recent users rows: 1
Uploads by day rows: 1
Upload dates: ["Sep 16"]
Upload counts: [1]
Users by day rows: 1
Registration dates: ["Sep 16"]
Registration counts: [1]
Testimonials rows: 1
System status: {"total_storage":"2.5 GB","used_storage":"1.2 GB","active_sessions":16,"server_load":"60%"}
Notes count: 1
Questions count: 1
Blog count: 0
Testimonials count: 1
Subscribers count: 1
Debug log started at 2025-09-16 22:01:11
PDF count: 1
Discussion count: 1
Unread messages: 1
Active users: 1
Total users: 1
Recent activities rows: 3
Recent users rows: 1
Uploads by day rows: 1
Upload dates: ["Sep 16"]
Upload counts: [1]
Users by day rows: 1
Registration dates: ["Sep 16"]
Registration counts: [1]
Testimonials rows: 1
System status: {"total_storage":"2.5 GB","used_storage":"1.2 GB","active_sessions":5,"server_load":"63%"}
Notes count: 1
Questions count: 1
Blog count: 1
Testimonials count: 1
Subscribers count: 1
Debug log started at 2025-09-16 22:03:01
PDF count: 1
Discussion count: 1
Unread messages: 0
Active users: 1
Total users: 1
Recent activities rows: 3
Recent users rows: 1
Uploads by day rows: 1
Upload dates: ["Sep 16"]
Upload counts: [1]
Users by day rows: 1
Registration dates: ["Sep 16"]
Registration counts: [1]
Testimonials rows: 0
System status: {"total_storage":"2.5 GB","used_storage":"1.2 GB","active_sessions":20,"server_load":"48%"}
Notes count: 1
Questions count: 1
Blog count: 1
Testimonials count: 1
Subscribers count: 1
Debug log started at 2025-09-17 16:43:02
PDF count: 1
Discussion count: 1
Unread messages: 0
Active users: 1
Total users: 1
Recent activities rows: 3
Recent users rows: 1
Uploads by day rows: 1
Upload dates: ["Sep 16"]
Upload counts: [1]
Users by day rows: 1
Registration dates: ["Sep 16"]
Registration counts: [1]
Testimonials rows: 0
System status: {"total_storage":"2.5 GB","used_storage":"1.2 GB","active_sessions":7,"server_load":"76%"}
Notes count: 1
Questions count: 1
Blog count: 1
Testimonials count: 1
Subscribers count: 1
Debug log started at 2025-09-17 16:43:48
PDF count: 1
Discussion count: 1
Unread messages: 0
Active users: 1
Total users: 1
Recent activities rows: 3
Recent users rows: 1
Uploads by day rows: 1
Upload dates: ["Sep 16"]
Upload counts: [1]
Users by day rows: 1
Registration dates: ["Sep 16"]
Registration counts: [1]
Testimonials rows: 0
System status: {"total_storage":"2.5 GB","used_storage":"1.2 GB","active_sessions":9,"server_load":"73%"}
Notes count: 1
Questions count: 1
Blog count: 1
Testimonials count: 1
Subscribers count: 1
Debug log started at 2025-09-17 16:50:17
PDF count: 1
Discussion count: 1
Unread messages: 0
Active users: 1
Total users: 1
Recent activities rows: 3
Recent users rows: 1
Uploads by day rows: 1
Upload dates: ["Sep 16"]
Upload counts: [1]
Users by day rows: 1
Registration dates: ["Sep 16"]
Registration counts: [1]
Testimonials rows: 0
System status: {"total_storage":"2.5 GB","used_storage":"1.2 GB","active_sessions":17,"server_load":"16%"}
Notes count: 1
Questions count: 1
Blog count: 1
Testimonials count: 1
Subscribers count: 1
Debug log started at 2025-09-17 21:21:11
PDF count: 1
Discussion count: 1
Unread messages: 0
Active users: 1
Total users: 1
Recent activities rows: 3
Recent users rows: 1
Uploads by day rows: 1
Upload dates: ["Sep 16"]
Upload counts: [1]
Users by day rows: 1
Registration dates: ["Sep 16"]
Registration counts: [1]
Testimonials rows: 0
System status: {"total_storage":"2.5 GB","used_storage":"1.2 GB","active_sessions":12,"server_load":"52%"}
Notes count: 1
Questions count: 1
Blog count: 1
Testimonials count: 1
Subscribers count: 1
Debug log started at 2025-09-17 21:43:54
PDF count: 1
Discussion count: 1
Unread messages: 0
Active users: 1
Total users: 1
Recent activities rows: 3
Recent users rows: 1
Uploads by day rows: 1
Upload dates: ["Sep 16"]
Upload counts: [1]
Users by day rows: 1
Registration dates: ["Sep 16"]
Registration counts: [1]
Testimonials rows: 0
System status: {"total_storage":"2.5 GB","used_storage":"1.2 GB","active_sessions":20,"server_load":"66%"}
Notes count: 1
Questions count: 1
Blog count: 1
Testimonials count: 1
Subscribers count: 1
Debug log started at 2025-09-17 21:44:04
PDF count: 1
Discussion count: 1
Unread messages: 0
Active users: 1
Total users: 1
Recent activities rows: 3
Recent users rows: 1
Uploads by day rows: 1
Upload dates: ["Sep 16"]
Upload counts: [1]
Users by day rows: 1
Registration dates: ["Sep 16"]
Registration counts: [1]
Testimonials rows: 0
System status: {"total_storage":"2.5 GB","used_storage":"1.2 GB","active_sessions":7,"server_load":"40%"}
Notes count: 1
Questions count: 1
Blog count: 1
Testimonials count: 1
Subscribers count: 1
Debug log started at 2025-09-17 21:44:47
PDF count: 1
Discussion count: 1
Unread messages: 0
Active users: 1
Total users: 1
Recent activities rows: 3
Recent users rows: 1
Uploads by day rows: 1
Upload dates: ["Sep 16"]
Upload counts: [1]
Users by day rows: 1
Registration dates: ["Sep 16"]
Registration counts: [1]
Testimonials rows: 0
System status: {"total_storage":"2.5 GB","used_storage":"1.2 GB","active_sessions":16,"server_load":"80%"}
Notes count: 1
Questions count: 1
Blog count: 1
Testimonials count: 1
Subscribers count: 1
Debug log started at 2025-09-17 21:52:48
PDF count: 1
Discussion count: 1
Unread messages: 0
Active users: 1
Total users: 1
Recent activities rows: 3
Recent users rows: 1
Uploads by day rows: 1
Upload dates: ["Sep 16"]
Upload counts: [1]
Users by day rows: 1
Registration dates: ["Sep 16"]
Registration counts: [1]
Testimonials rows: 0
System status: {"total_storage":"2.5 GB","used_storage":"1.2 GB","active_sessions":9,"server_load":"77%"}
Notes count: 1
Questions count: 1
Blog count: 1
Testimonials count: 1
Subscribers count: 1
Debug log started at 2025-09-18 12:49:26
PDF count: 1
Discussion count: 0
Unread messages: 0
Active users: 1
Total users: 1
Recent activities rows: 2
Recent users rows: 1
Uploads by day rows: 1
Upload dates: ["Sep 16"]
Upload counts: [1]
Users by day rows: 1
Registration dates: ["Sep 16"]
Registration counts: [1]
Testimonials rows: 0
System status: {"total_storage":"2.5 GB","used_storage":"1.2 GB","active_sessions":6,"server_load":"46%"}
Notes count: 1
Questions count: 1
Blog count: 1
Testimonials count: 1
Subscribers count: 1
Debug log started at 2025-09-18 12:49:54
PDF count: 1
Discussion count: 0
Unread messages: 0
Active users: 1
Total users: 1
Recent activities rows: 2
Recent users rows: 1
Uploads by day rows: 1
Upload dates: ["Sep 16"]
Upload counts: [1]
Users by day rows: 1
Registration dates: ["Sep 16"]
Registration counts: [1]
Testimonials rows: 0
System status: {"total_storage":"2.5 GB","used_storage":"1.2 GB","active_sessions":13,"server_load":"14%"}
Notes count: 1
Questions count: 1
Blog count: 1
Testimonials count: 1
Subscribers count: 1
Debug log started at 2025-09-18 13:33:32
PDF count: 1
Discussion count: 0
Unread messages: 0
Active users: 1
Total users: 1
Recent activities rows: 2
Recent users rows: 1
Uploads by day rows: 1
Upload dates: ["Sep 16"]
Upload counts: [1]
Users by day rows: 1
Registration dates: ["Sep 16"]
Registration counts: [1]
Testimonials rows: 0
System status: {"total_storage":"2.5 GB","used_storage":"1.2 GB","active_sessions":12,"server_load":"26%"}
Notes count: 2
Questions count: 2
Blog count: 1
Testimonials count: 1
Subscribers count: 1
Debug log started at 2025-09-18 13:59:08
PDF count: 1
Discussion count: 0
Unread messages: 0
Active users: 1
Total users: 1
Recent activities rows: 2
Recent users rows: 1
Uploads by day rows: 1
Upload dates: ["Sep 16"]
Upload counts: [1]
Users by day rows: 1
Registration dates: ["Sep 16"]
Registration counts: [1]
Testimonials rows: 0
System status: {"total_storage":"2.5 GB","used_storage":"1.2 GB","active_sessions":5,"server_load":"51%"}
Notes count: 2
Questions count: 2
Blog count: 1
Testimonials count: 1
Subscribers count: 1
Debug log started at 2025-09-18 16:43:58
PDF count: 1
Discussion count: 0
Unread messages: 0
Active users: 1
Total users: 1
Recent activities rows: 2
Recent users rows: 1
Uploads by day rows: 1
Upload dates: ["Sep 16"]
Upload counts: [1]
Users by day rows: 1
Registration dates: ["Sep 16"]
Registration counts: [1]
Testimonials rows: 0
System status: {"total_storage":"2.5 GB","used_storage":"1.2 GB","active_sessions":13,"server_load":"78%"}
Notes count: 2
Questions count: 2
Blog count: 1
Testimonials count: 1
Subscribers count: 1
Debug log started at 2025-09-18 16:59:26
PDF count: 1
Discussion count: 0
Unread messages: 0
Active users: 1
Total users: 1
Recent activities rows: 2
Recent users rows: 1
Uploads by day rows: 1
Upload dates: ["Sep 16"]
Upload counts: [1]
Users by day rows: 1
Registration dates: ["Sep 16"]
Registration counts: [1]
Testimonials rows: 0
System status: {"total_storage":"2.5 GB","used_storage":"1.2 GB","active_sessions":20,"server_load":"61%"}
Notes count: 2
Questions count: 2
Blog count: 1
Testimonials count: 1
Subscribers count: 1
Debug log started at 2025-09-18 17:23:05
PDF count: 1
Discussion count: 0
Unread messages: 0
Active users: 1
Total users: 1
Recent activities rows: 2
Recent users rows: 1
Uploads by day rows: 1
Upload dates: ["Sep 16"]
Upload counts: [1]
Users by day rows: 1
Registration dates: ["Sep 16"]
Registration counts: [1]
Testimonials rows: 0
System status: {"total_storage":"2.5 GB","used_storage":"1.2 GB","active_sessions":8,"server_load":"29%"}
Notes count: 2
Questions count: 2
Blog count: 1
Testimonials count: 1
Subscribers count: 1
Debug log started at 2025-09-18 17:43:48
PDF count: 1
Discussion count: 0
Unread messages: 0
Active users: 1
Total users: 1
Recent activities rows: 2
Recent users rows: 1
Uploads by day rows: 1
Upload dates: ["Sep 16"]
Upload counts: [1]
Users by day rows: 1
Registration dates: ["Sep 16"]
Registration counts: [1]
Testimonials rows: 0
System status: {"total_storage":"2.5 GB","used_storage":"1.2 GB","active_sessions":11,"server_load":"12%"}
Notes count: 2
Questions count: 4
Blog count: 1
Testimonials count: 1
Subscribers count: 1
Debug log started at 2025-09-18 17:43:50
PDF count: 1
Discussion count: 0
Unread messages: 0
Active users: 1
Total users: 1
Recent activities rows: 2
Recent users rows: 1
Uploads by day rows: 1
Upload dates: ["Sep 16"]
Upload counts: [1]
Users by day rows: 1
Registration dates: ["Sep 16"]
Registration counts: [1]
Testimonials rows: 0
System status: {"total_storage":"2.5 GB","used_storage":"1.2 GB","active_sessions":13,"server_load":"28%"}
Notes count: 2
Questions count: 4
Blog count: 1
Testimonials count: 1
Subscribers count: 1
Debug log started at 2025-09-19 10:40:48
PDF count: 1
Discussion count: 0
Unread messages: 0
Active users: 1
Total users: 1
Recent activities rows: 2
Recent users rows: 1
Uploads by day rows: 1
Upload dates: ["Sep 16"]
Upload counts: [1]
Users by day rows: 1
Registration dates: ["Sep 16"]
Registration counts: [1]
Testimonials rows: 0
System status: {"total_storage":"2.5 GB","used_storage":"1.2 GB","active_sessions":16,"server_load":"72%"}
Notes count: 4
Questions count: 6
Blog count: 1
Testimonials count: 1
Subscribers count: 1
